<?xml version="1.0" encoding="UTF-8"?>
<!-- Generated by org.testng.reporters.JUnitXMLReporter -->
<testsuite ignored="0" hostname="BRIMACLAP042" failures="0" tests="3" name="Default test" time="0.132" errors="0" timestamp="21 Jul 2019 03:23:47 GMT">
  <testcase classname="howToDoInJava.testNg.MyFirstTest" name="f1" time="0.023"/>
  <testcase classname="howToDoInJava.testNg.MyFirstTest" name="f2" time="0.002"/>
  <testcase classname="howToDoInJava.testNg.MyFirstTest" name="f3" time="0.002"/>
</testsuite> <!-- Default test -->
