<?xml version="1.0" encoding="UTF-8"?>
<!-- Generated by org.testng.reporters.JUnitXMLReporter -->
<testsuite ignored="0" hostname="BRIMACLAP042" failures="0" tests="10" name="Default test" time="0.072" errors="0" timestamp="23 Jul 2019 03:13:20 GMT">
  <testcase classname="howToDoInJava.testNg.DependentTestExamples" name="groupTestThree" time="0.01"/>
  <testcase classname="howToDoInJava.testNg.DependentTestExamples" name="groupTestTwo" time="0.008"/>
  <testcase classname="howToDoInJava.testNg.DependentTestExamples" name="testFour" time="0.002"/>
  <testcase classname="howToDoInJava.testNg.ParentClassTest" name="testTwo" time="0.003"/>
  <testcase classname="howToDoInJava.testNg.ParentClassTest" name="testTwo" time="0.001"/>
  <testcase classname="howToDoInJava.testNg.DependentTestExamples" name="groupTestOne" time="0.001"/>
  <testcase classname="howToDoInJava.testNg.DependentTestExamples" name="testFive" time="0.001"/>
  <testcase classname="howToDoInJava.testNg.ParentClassTest" name="testOne" time="0.002"/>
  <testcase classname="howToDoInJava.testNg.ParentClassTest" name="testOne" time="0.001"/>
  <testcase classname="howToDoInJava.testNg.DependentTestExamples" name="testThree" time="0.001"/>
</testsuite> <!-- Default test -->
