<?xml version="1.0" encoding="UTF-8"?>
<testng-results ignored="0" total="2" passed="1" failed="1" skipped="0">
  <reporter-output>
  </reporter-output>
  <suite started-at="2019-07-23T04:47:11Z" name="Suite" finished-at="2019-07-23T04:47:12Z" duration-ms="961">
    <groups>
    </groups>
    <test started-at="2019-07-23T04:47:11Z" name="Test" finished-at="2019-07-23T04:47:12Z" duration-ms="961">
      <class name="howToDoInJava.testNg.TimeoutMethod">
        <test-method signature="timeTestOne()[pri:0, instance:howToDoInJava.testNg.TimeoutMethod@5b94b04d]" started-at="2019-07-23T04:47:11Z" name="timeTestOne" finished-at="2019-07-23T04:47:11Z" duration-ms="520" status="FAIL">
          <exception class="org.testng.internal.thread.ThreadTimeoutException">
            <message>
              <![CDATA[Method howToDoInJava.testNg.TimeoutMethod.timeTestOne() didn't finish within the time-out 500]]>
            </message>
            <full-stacktrace>
              <![CDATA[org.testng.internal.thread.ThreadTimeoutException: Method howToDoInJava.testNg.TimeoutMethod.timeTestOne() didn't finish within the time-out 500
at java.base@10.0.1/java.lang.Thread.interrupt(Thread.java:1016)
at app//org.testng.internal.InvokeMethodRunnable.runOne(InvokeMethodRunnable.java:64)
at app//org.testng.internal.InvokeMethodRunnable.run(InvokeMethodRunnable.java:44)
at java.base@10.0.1/java.util.concurrent.Executors$RunnableAdapter.call(Executors.java:514)
at java.base@10.0.1/java.util.concurrent.FutureTask.run(FutureTask.java:264)
at java.base@10.0.1/java.util.concurrent.ThreadPoolExecutor.runWorker(ThreadPoolExecutor.java:1135)
at java.base@10.0.1/java.util.concurrent.ThreadPoolExecutor$Worker.run(ThreadPoolExecutor.java:635)
at java.base@10.0.1/java.lang.Thread.run(Thread.java:844)
]]>
            </full-stacktrace>
          </exception> <!-- org.testng.internal.thread.ThreadTimeoutException -->
          <reporter-output>
          </reporter-output>
        </test-method> <!-- timeTestOne -->
        <test-method signature="timeTestTwo()[pri:0, instance:howToDoInJava.testNg.TimeoutMethod@5b94b04d]" started-at="2019-07-23T04:47:11Z" name="timeTestTwo" finished-at="2019-07-23T04:47:12Z" duration-ms="412" status="PASS">
          <reporter-output>
          </reporter-output>
        </test-method> <!-- timeTestTwo -->
      </class> <!-- howToDoInJava.testNg.TimeoutMethod -->
    </test> <!-- Test -->
  </suite> <!-- Suite -->
</testng-results>
