<?xml version="1.0" encoding="UTF-8"?>
<testng-results ignored="0" total="3" passed="3" failed="0" skipped="0">
  <reporter-output>
  </reporter-output>
  <suite started-at="2019-07-21T03:23:47Z" name="Default suite" finished-at="2019-07-21T03:23:47Z" duration-ms="132">
    <groups>
    </groups>
    <test started-at="2019-07-21T03:23:47Z" name="Default test" finished-at="2019-07-21T03:23:47Z" duration-ms="132">
      <class name="howToDoInJava.testNg.MyFirstTest">
        <test-method is-config="true" signature="beforeTest()[pri:0, instance:howToDoInJava.testNg.MyFirstTest@5dbb50f3]" started-at="2019-07-21T03:23:47Z" name="beforeTest" finished-at="2019-07-21T03:23:47Z" duration-ms="19" status="PASS">
          <reporter-output>
          </reporter-output>
        </test-method> <!-- beforeTest -->
        <test-method signature="f1()[pri:0, instance:howToDoInJava.testNg.MyFirstTest@5dbb50f3]" started-at="2019-07-21T03:23:47Z" name="f1" finished-at="2019-07-21T03:23:47Z" duration-ms="23" status="PASS">
          <reporter-output>
          </reporter-output>
        </test-method> <!-- f1 -->
        <test-method is-config="true" signature="afterTest()[pri:0, instance:howToDoInJava.testNg.MyFirstTest@5dbb50f3]" started-at="2019-07-21T03:23:47Z" name="afterTest" finished-at="2019-07-21T03:23:47Z" duration-ms="1" status="PASS">
          <reporter-output>
          </reporter-output>
        </test-method> <!-- afterTest -->
        <test-method is-config="true" signature="beforeTest()[pri:0, instance:howToDoInJava.testNg.MyFirstTest@5dbb50f3]" started-at="2019-07-21T03:23:47Z" name="beforeTest" finished-at="2019-07-21T03:23:47Z" duration-ms="0" status="PASS">
          <reporter-output>
          </reporter-output>
        </test-method> <!-- beforeTest -->
        <test-method signature="f2()[pri:0, instance:howToDoInJava.testNg.MyFirstTest@5dbb50f3]" started-at="2019-07-21T03:23:47Z" name="f2" finished-at="2019-07-21T03:23:47Z" duration-ms="2" status="PASS">
          <reporter-output>
          </reporter-output>
        </test-method> <!-- f2 -->
        <test-method is-config="true" signature="afterTest()[pri:0, instance:howToDoInJava.testNg.MyFirstTest@5dbb50f3]" started-at="2019-07-21T03:23:47Z" name="afterTest" finished-at="2019-07-21T03:23:47Z" duration-ms="2" status="PASS">
          <reporter-output>
          </reporter-output>
        </test-method> <!-- afterTest -->
        <test-method is-config="true" signature="beforeTest()[pri:0, instance:howToDoInJava.testNg.MyFirstTest@5dbb50f3]" started-at="2019-07-21T03:23:47Z" name="beforeTest" finished-at="2019-07-21T03:23:47Z" duration-ms="0" status="PASS">
          <reporter-output>
          </reporter-output>
        </test-method> <!-- beforeTest -->
        <test-method signature="f3()[pri:0, instance:howToDoInJava.testNg.MyFirstTest@5dbb50f3]" started-at="2019-07-21T03:23:47Z" name="f3" finished-at="2019-07-21T03:23:47Z" duration-ms="2" status="PASS">
          <reporter-output>
          </reporter-output>
        </test-method> <!-- f3 -->
        <test-method is-config="true" signature="afterTest()[pri:0, instance:howToDoInJava.testNg.MyFirstTest@5dbb50f3]" started-at="2019-07-21T03:23:47Z" name="afterTest" finished-at="2019-07-21T03:23:47Z" duration-ms="0" status="PASS">
          <reporter-output>
          </reporter-output>
        </test-method> <!-- afterTest -->
      </class> <!-- howToDoInJava.testNg.MyFirstTest -->
    </test> <!-- Default test -->
  </suite> <!-- Default suite -->
</testng-results>
