<?xml version="1.0" encoding="UTF-8"?>
<!-- Generated by org.testng.reporters.JUnitXMLReporter -->
<testsuite ignored="1" hostname="BRIMACLAP042" failures="0" tests="2" name="Test" time="0.037" errors="0" timestamp="21 Jul 2019 03:19:21 GMT">
  <testcase classname="howToDoInJava.testNg.DisableTestDemo" name="testMethodOne" time="0.011"/>
  <testcase classname="howToDoInJava.testNg.DisableTestDemo" name="testMethodThree" time="0.001"/>
  <testcase classname="howToDoInJava.testNg.DisableTestDemo" name="testMethodTwo" time="0.0">
    <ignored/>
  </testcase> <!-- testMethodTwo -->
</testsuite> <!-- Test -->
