<?xml version="1.0" encoding="UTF-8"?>
<!-- Generated by org.testng.reporters.JUnitXMLReporter -->
<testsuite hostname="BRIDT-1420" ignored="4" name="TestGroup" tests="3" failures="0" timestamp="04 Jan 2018 11:03:12 GMT" time="0.032" errors="0">
  <testcase name="testMethod1" time="0.006" classname="test.Test1"/>
  <testcase name="testMethod2" time="0.002" classname="test.Test1"/>
  <testcase name="testMethod3" time="0.002" classname="test.Test1"/>
  <testcase name="ClassOneTestTwo" time="0.0" classname="test.SampleTestClassOne">
    <ignored/>
  </testcase> <!-- ClassOneTestTwo -->
  <testcase name="testSingleString" time="0.0" classname="test.SampleTestClassOne">
    <ignored/>
  </testcase> <!-- testSingleString -->
  <testcase name="ClassOneTestOne" time="0.0" classname="test.SampleTestClassOne">
    <ignored/>
  </testcase> <!-- ClassOneTestOne -->
  <testcase name="ClassOneTestThree" time="0.0" classname="test.SampleTestClassOne">
    <ignored/>
  </testcase> <!-- ClassOneTestThree -->
</testsuite> <!-- TestGroup -->
